#
# A fatal error has been detected by the Java Runtime Environment:
#
#  EXCEPTION_ACCESS_VIOLATION (0xc0000005) at pc=0x00007ff9bdc62703, pid=3228, tid=9800
#
# JRE version: Java(TM) SE Runtime Environment 18.9 (11.0.12+8) (build 11.0.12+8-LTS-237)
# Java VM: Java HotSpot(TM) 64-Bit Server VM 18.9 (11.0.12+8-LTS-237, mixed mode, tiered, compressed oops, g1 gc, windows-amd64)
# Problematic frame:
# V  [jvm.dll+0x512703]
#
# No core dump will be written. Minidumps are not enabled by default on client versions of Windows
#
# If you would like to submit a bug report, please visit:
#   https://bugreport.java.com/bugreport/crash.jsp
#

---------------  S U M M A R Y ------------

Command Line: -ea -Dfile.encoding=Cp1252 org.testng.remote.RemoteTestNG -serport 60348 -protocol json -d C:\Users\Madhuri\git\Practice\com.learning.selenium\test-output C:\Users\Madhuri\AppData\Local\Temp\testng-eclipse--690202064\testng-customsuite.xml

Host: Intel(R) Pentium(R) CPU  N3510  @ 1.99GHz, 4 cores, 3G,  Windows 10 , 64 bit Build 19041 (10.0.19041.1023)
Time: Mon Jan 24 17:08:02 2022 Eastern Standard Time elapsed time: 267.911670 seconds (0d 0h 4m 27s)

---------------  T H R E A D  ---------------

Current thread (0x0000022a4d3d4000):  JavaThread "C2 CompilerThread0" daemon [_thread_in_native, id=9800, stack(0x0000005145800000,0x0000005145900000)]


Current CompileTask:
C2: 267912 2837       4       java.lang.invoke.MethodType::makeImpl (108 bytes)

Stack: [0x0000005145800000,0x0000005145900000],  sp=0x00000051458fb520,  free space=1005k
Native frames: (J=compiled Java code, j=interpreted, Vv=VM code, C=native code)
V  [jvm.dll+0x512703]
V  [jvm.dll+0x193d38]
V  [jvm.dll+0x1fd212]
V  [jvm.dll+0x1fc2ed]
V  [jvm.dll+0x17f18c]
V  [jvm.dll+0x20b87c]
V  [jvm.dll+0x20997b]
V  [jvm.dll+0x716359]
V  [jvm.dll+0x70f064]
V  [jvm.dll+0x616f66]
C  [ucrtbase.dll+0x21bb2]
C  [KERNEL32.DLL+0x17034]
C  [ntdll.dll+0x52651]


siginfo: EXCEPTION_ACCESS_VIOLATION (0xc0000005), reading address 0x0000022b4f22da70


Register to memory mapping:

RIP=0x00007ff9bdc62703 jvm.dll
RAX=0x00000051458fb9c0 is pointing into the stack for thread: 0x0000022a4d3d4000
RBX=0x00000051458fb720 is pointing into the stack for thread: 0x0000022a4d3d4000
RCX=0x0000022a4f22da70 points into unknown readable memory: 0x0000022a4f3873e0 | e0 73 38 4f 2a 02 00 00
RDX=0x0000000020000000 is an unknown value
RSP=0x00000051458fb520 is pointing into the stack for thread: 0x0000022a4d3d4000
RBP=0x0000000000000008 is an unknown value
RSI=0x0000022a4f3ce250 points into unknown readable memory: 0x00007ff9bdf6abb0 | b0 ab f6 bd f9 7f 00 00
RDI=0x000000000000001c is an unknown value
R8 =0x0000022a4f104de0 points into unknown readable memory: 0x0000000000000540 | 40 05 00 00 00 00 00 00
R9 =0x0 is NULL
R10=0x00007ff9be17e468 jvm.dll
R11=0x00000051458fb518 is pointing into the stack for thread: 0x0000022a4d3d4000
R12=0x0000000000000001 is an unknown value
R13=0x0000022a4dce6748 points into unknown readable memory: 0x000000000000001c | 1c 00 00 00 00 00 00 00
R14=0x0000000000000002 is an unknown value
R15=0x0000022a4f383aa0 points into unknown readable memory: 0x00007ff9bdef7208 | 08 72 ef bd f9 7f 00 00


Registers:
RAX=0x00000051458fb9c0, RBX=0x00000051458fb720, RCX=0x0000022a4f22da70, RDX=0x0000000020000000
RSP=0x00000051458fb520, RBP=0x0000000000000008, RSI=0x0000022a4f3ce250, RDI=0x000000000000001c
R8 =0x0000022a4f104de0, R9 =0x0000000000000000, R10=0x00007ff9be17e468, R11=0x00000051458fb518
R12=0x0000000000000001, R13=0x0000022a4dce6748, R14=0x0000000000000002, R15=0x0000022a4f383aa0
RIP=0x00007ff9bdc62703, EFLAGS=0x0000000000010202

Top of Stack: (sp=0x00000051458fb520)
0x00000051458fb520:   00000051458fb720 00000051458fb720
0x00000051458fb530:   00000051458fb720 00000051458fb570
0x00000051458fb540:   0000022a4f82b7d0 0000022a4d3d3310
0x00000051458fb550:   0000022a4fcf1d60 0000000000237f40
0x00000051458fb560:   0000022a4fcf1db0 0000022a4fcf9d48
0x00000051458fb570:   00007ff9bdff32b0 0000022a4d3d3310
0x00000051458fb580:   0000000000000040 0000022a4fd10780
0x00000051458fb590:   0000022a506ac080 0000022a4d738990
0x00000051458fb5a0:   00000000000003d8 0000022a4d738980
0x00000051458fb5b0:   0000022a4d738d68 0000000000000000
0x00000051458fb5c0:   00000051458fbb48 00000051458fb6e0
0x00000051458fb5d0:   00000051458fba60 00007ff9bd8e3d38
0x00000051458fb5e0:   00000051000001c2 0000005100000002
0x00000051458fb5f0:   0000022a4dce6748 0000022a4f3ce250
0x00000051458fb600:   00007ff9bdf69f00 000000000000000d
0x00000051458fb610:   0000000000000006 0000022a4d738980 

Instructions: (pc=0x00007ff9bdc62703)
0x00007ff9bdc626e3:   44 8d 70 ff bd 08 00 00 00 0f 1f 40 00 49 8b 47
0x00007ff9bdc626f3:   08 48 8b 0c 28 48 8b 43 40 8b 51 28 48 8b 48 78
0x00007ff9bdc62703:   48 39 34 d1 74 6c 48 8b 43 48 48 63 d2 48 8b 48
0x00007ff9bdc62713:   18 8b 3c 91 85 ff 74 5a 49 8b 45 08 8b d7 48 c1 


Stack slot to memory mapping:
stack at sp + 0 slots: 0x00000051458fb720 is pointing into the stack for thread: 0x0000022a4d3d4000
stack at sp + 1 slots: 0x00000051458fb720 is pointing into the stack for thread: 0x0000022a4d3d4000
stack at sp + 2 slots: 0x00000051458fb720 is pointing into the stack for thread: 0x0000022a4d3d4000
stack at sp + 3 slots: 0x00000051458fb570 is pointing into the stack for thread: 0x0000022a4d3d4000
stack at sp + 4 slots: 0x0000022a4f82b7d0 points into unknown readable memory: 0x0000000000000003 | 03 00 00 00 00 00 00 00
stack at sp + 5 slots: 0x0000022a4d3d3310 points into unknown readable memory: 0x2a0d00c700000006 | 06 00 00 00 c7 00 0d 2a
stack at sp + 6 slots: 0x0000022a4fcf1d60 points into unknown readable memory: 0x0000022a4f7ec840 | 40 c8 7e 4f 2a 02 00 00
stack at sp + 7 slots: 0x0000000000237f40 is an unknown value


---------------  P R O C E S S  ---------------

Threads class SMR info:
_java_thread_list=0x0000022a4d7b12f0, length=19, elements={
0x0000022a30d09000, 0x0000022a4d38f800, 0x0000022a4d3ba000, 0x0000022a4d41c800,
0x0000022a4d41e000, 0x0000022a4d420000, 0x0000022a4d3d4000, 0x0000022a4d425000,
0x0000022a4d42e800, 0x0000022a4d69e000, 0x0000022a4dd52000, 0x0000022a4da42000,
0x0000022a4d594800, 0x0000022a4da37800, 0x0000022a4eea8800, 0x0000022a4eec6800,
0x0000022a4ef18000, 0x0000022a4ef17800, 0x0000022a4ef15800
}

Java Threads: ( => current thread )
  0x0000022a30d09000 JavaThread "main" [_thread_blocked, id=3152, stack(0x0000005144c00000,0x0000005144d00000)]
  0x0000022a4d38f800 JavaThread "Reference Handler" daemon [_thread_blocked, id=9852, stack(0x0000005145300000,0x0000005145400000)]
  0x0000022a4d3ba000 JavaThread "Finalizer" daemon [_thread_blocked, id=11848, stack(0x0000005145400000,0x0000005145500000)]
  0x0000022a4d41c800 JavaThread "Signal Dispatcher" daemon [_thread_blocked, id=12016, stack(0x0000005145500000,0x0000005145600000)]
  0x0000022a4d41e000 JavaThread "Attach Listener" daemon [_thread_blocked, id=7232, stack(0x0000005145600000,0x0000005145700000)]
  0x0000022a4d420000 JavaThread "Service Thread" daemon [_thread_blocked, id=8948, stack(0x0000005145700000,0x0000005145800000)]
=>0x0000022a4d3d4000 JavaThread "C2 CompilerThread0" daemon [_thread_in_native, id=9800, stack(0x0000005145800000,0x0000005145900000)]
  0x0000022a4d425000 JavaThread "C1 CompilerThread0" daemon [_thread_blocked, id=5760, stack(0x0000005145900000,0x0000005145a00000)]
  0x0000022a4d42e800 JavaThread "Sweeper thread" daemon [_thread_blocked, id=2508, stack(0x0000005145a00000,0x0000005145b00000)]
  0x0000022a4d69e000 JavaThread "Common-Cleaner" daemon [_thread_blocked, id=13784, stack(0x0000005145c00000,0x0000005145d00000)]
  0x0000022a4dd52000 JavaThread "ForkJoinPool.commonPool-worker-3" daemon [_thread_blocked, id=2656, stack(0x0000005146200000,0x0000005146300000)]
  0x0000022a4da42000 JavaThread "Exec Default Executor" daemon [_thread_in_native, id=14772, stack(0x0000005146500000,0x0000005146600000)]
  0x0000022a4d594800 JavaThread "Exec Stream Pumper" daemon [_thread_in_native, id=11588, stack(0x0000005146400000,0x0000005146500000)]
  0x0000022a4da37800 JavaThread "Exec Stream Pumper" daemon [_thread_in_native, id=14020, stack(0x0000005146700000,0x0000005146800000)]
  0x0000022a4eea8800 JavaThread "OkHttp ConnectionPool" daemon [_thread_blocked, id=11828, stack(0x0000005146900000,0x0000005146a00000)]
  0x0000022a4eec6800 JavaThread "Okio Watchdog" daemon [_thread_blocked, id=5232, stack(0x0000005146a00000,0x0000005146b00000)]
  0x0000022a4ef18000 JavaThread "Exec Default Executor" daemon [_thread_in_native, id=5204, stack(0x0000005144900000,0x0000005144a00000)]
  0x0000022a4ef17800 JavaThread "Exec Stream Pumper" daemon [_thread_in_native, id=8684, stack(0x0000005144b00000,0x0000005144c00000)]
  0x0000022a4ef15800 JavaThread "Exec Stream Pumper" daemon [_thread_in_native, id=8756, stack(0x0000005146300000,0x0000005146400000)]

Other Threads:
  0x0000022a4d38d800 VMThread "VM Thread" [stack: 0x0000005145200000,0x0000005145300000] [id=13976]
  0x0000022a4d699800 WatcherThread [stack: 0x0000005145b00000,0x0000005145c00000] [id=10980]
  0x0000022a30d21000 GCTaskThread "GC Thread#0" [stack: 0x0000005144d00000,0x0000005144e00000] [id=10732]
  0x0000022a4dfba000 GCTaskThread "GC Thread#1" [stack: 0x0000005145f00000,0x0000005146000000] [id=12924]
  0x0000022a4dfc3800 GCTaskThread "GC Thread#2" [stack: 0x0000005146000000,0x0000005146100000] [id=7704]
  0x0000022a4dfc4000 GCTaskThread "GC Thread#3" [stack: 0x0000005146100000,0x0000005146200000] [id=11804]
  0x0000022a30d3b000 ConcurrentGCThread "G1 Main Marker" [stack: 0x0000005144e00000,0x0000005144f00000] [id=8592]
  0x0000022a30d41000 ConcurrentGCThread "G1 Conc#0" [stack: 0x0000005144f00000,0x0000005145000000] [id=12916]
  0x0000022a30d97800 ConcurrentGCThread "G1 Refine#0" [stack: 0x0000005145000000,0x0000005145100000] [id=11000]
  0x0000022a30d99800 ConcurrentGCThread "G1 Young RemSet Sampling" [stack: 0x0000005145100000,0x0000005145200000] [id=11628]

Threads with active compile tasks:
C2 CompilerThread0 268300 2837       4       java.lang.invoke.MethodType::makeImpl (108 bytes)

VM state:not at safepoint (normal execution)

VM Mutex/Monitor currently owned by a thread: None

Heap address: 0x00000000c1a00000, size: 998 MB, Compressed Oops mode: 32-bit
Narrow klass base: 0x0000000000000000, Narrow klass shift: 3
Compressed class space size: 1073741824 Address: 0x0000000100000000

Heap:
 garbage-first heap   total 65536K, used 12919K [0x00000000c1a00000, 0x0000000100000000)
  region size 1024K, 9 young (9216K), 2 survivors (2048K)
 Metaspace       used 24951K, capacity 25616K, committed 25776K, reserved 1073152K
  class space    used 2708K, capacity 2992K, committed 3072K, reserved 1048576K
Heap Regions: E=young(eden), S=young(survivor), O=old, HS=humongous(starts), HC=humongous(continues), CS=collection set, F=free, A=archive, TAMS=top-at-mark-start (previous, next)
|   0|0x00000000c1a00000, 0x00000000c1b00000, 0x00000000c1b00000|100%| O|  |TAMS 0x00000000c1b00000, 0x00000000c1a00000| Untracked 
|   1|0x00000000c1b00000, 0x00000000c1c00000, 0x00000000c1c00000|100%| O|  |TAMS 0x00000000c1c00000, 0x00000000c1b00000| Untracked 
|   2|0x00000000c1c00000, 0x00000000c1d00000, 0x00000000c1d00000|100%| O|  |TAMS 0x00000000c1cf9e00, 0x00000000c1c00000| Untracked 
|   3|0x00000000c1d00000, 0x00000000c1e00000, 0x00000000c1e00000|100%| O|  |TAMS 0x00000000c1d00000, 0x00000000c1d00000| Untracked 
|   4|0x00000000c1e00000, 0x00000000c1f00000, 0x00000000c1f00000|100%| O|  |TAMS 0x00000000c1e00000, 0x00000000c1e00000| Untracked 
|   5|0x00000000c1f00000, 0x00000000c1f5b400, 0x00000000c2000000| 35%| O|  |TAMS 0x00000000c1f00000, 0x00000000c1f00000| Untracked 
|   6|0x00000000c2000000, 0x00000000c2000000, 0x00000000c2100000|  0%| F|  |TAMS 0x00000000c2000000, 0x00000000c2000000| Untracked 
|   7|0x00000000c2100000, 0x00000000c2100000, 0x00000000c2200000|  0%| F|  |TAMS 0x00000000c2100000, 0x00000000c2100000| Untracked 
|   8|0x00000000c2200000, 0x00000000c2200000, 0x00000000c2300000|  0%| F|  |TAMS 0x00000000c2200000, 0x00000000c2200000| Untracked 
|   9|0x00000000c2300000, 0x00000000c2300000, 0x00000000c2400000|  0%| F|  |TAMS 0x00000000c2300000, 0x00000000c2300000| Untracked 
|  10|0x00000000c2400000, 0x00000000c2400000, 0x00000000c2500000|  0%| F|  |TAMS 0x00000000c2400000, 0x00000000c2400000| Untracked 
|  11|0x00000000c2500000, 0x00000000c2500000, 0x00000000c2600000|  0%| F|  |TAMS 0x00000000c2500000, 0x00000000c2500000| Untracked 
|  12|0x00000000c2600000, 0x00000000c2600000, 0x00000000c2700000|  0%| F|  |TAMS 0x00000000c2600000, 0x00000000c2600000| Untracked 
|  13|0x00000000c2700000, 0x00000000c2700000, 0x00000000c2800000|  0%| F|  |TAMS 0x00000000c2700000, 0x00000000c2700000| Untracked 
|  14|0x00000000c2800000, 0x00000000c2800000, 0x00000000c2900000|  0%| F|  |TAMS 0x00000000c2800000, 0x00000000c2800000| Untracked 
|  15|0x00000000c2900000, 0x00000000c2900000, 0x00000000c2a00000|  0%| F|  |TAMS 0x00000000c2900000, 0x00000000c2900000| Untracked 
|  16|0x00000000c2a00000, 0x00000000c2a00000, 0x00000000c2b00000|  0%| F|  |TAMS 0x00000000c2a00000, 0x00000000c2a00000| Untracked 
|  17|0x00000000c2b00000, 0x00000000c2b00000, 0x00000000c2c00000|  0%| F|  |TAMS 0x00000000c2b00000, 0x00000000c2b00000| Untracked 
|  18|0x00000000c2c00000, 0x00000000c2c00000, 0x00000000c2d00000|  0%| F|  |TAMS 0x00000000c2c00000, 0x00000000c2c00000| Untracked 
|  19|0x00000000c2d00000, 0x00000000c2d00000, 0x00000000c2e00000|  0%| F|  |TAMS 0x00000000c2d00000, 0x00000000c2d00000| Untracked 
|  20|0x00000000c2e00000, 0x00000000c2e00000, 0x00000000c2f00000|  0%| F|  |TAMS 0x00000000c2e00000, 0x00000000c2e00000| Untracked 
|  21|0x00000000c2f00000, 0x00000000c2f00000, 0x00000000c3000000|  0%| F|  |TAMS 0x00000000c2f00000, 0x00000000c2f00000| Untracked 
|  22|0x00000000c3000000, 0x00000000c3000000, 0x00000000c3100000|  0%| F|  |TAMS 0x00000000c3000000, 0x00000000c3000000| Untracked 
|  23|0x00000000c3100000, 0x00000000c3100000, 0x00000000c3200000|  0%| F|  |TAMS 0x00000000c3100000, 0x00000000c3100000| Untracked 
|  24|0x00000000c3200000, 0x00000000c3200000, 0x00000000c3300000|  0%| F|  |TAMS 0x00000000c3200000, 0x00000000c3200000| Untracked 
|  25|0x00000000c3300000, 0x00000000c3300000, 0x00000000c3400000|  0%| F|  |TAMS 0x00000000c3300000, 0x00000000c3300000| Untracked 
|  26|0x00000000c3400000, 0x00000000c3400000, 0x00000000c3500000|  0%| F|  |TAMS 0x00000000c3400000, 0x00000000c3400000| Untracked 
|  27|0x00000000c3500000, 0x00000000c3500000, 0x00000000c3600000|  0%| F|  |TAMS 0x00000000c3500000, 0x00000000c3500000| Untracked 
|  28|0x00000000c3600000, 0x00000000c3600000, 0x00000000c3700000|  0%| F|  |TAMS 0x00000000c3600000, 0x00000000c3600000| Untracked 
|  29|0x00000000c3700000, 0x00000000c3700000, 0x00000000c3800000|  0%| F|  |TAMS 0x00000000c3700000, 0x00000000c3700000| Untracked 
|  30|0x00000000c3800000, 0x00000000c38429f0, 0x00000000c3900000| 26%| S|CS|TAMS 0x00000000c3800000, 0x00000000c3800000| Complete 
|  31|0x00000000c3900000, 0x00000000c3a00000, 0x00000000c3a00000|100%| S|CS|TAMS 0x00000000c3900000, 0x00000000c3900000| Complete 
|  32|0x00000000c3a00000, 0x00000000c3a00000, 0x00000000c3b00000|  0%| F|  |TAMS 0x00000000c3a00000, 0x00000000c3a00000| Untracked 
|  33|0x00000000c3b00000, 0x00000000c3b00000, 0x00000000c3c00000|  0%| F|  |TAMS 0x00000000c3b00000, 0x00000000c3b00000| Untracked 
|  34|0x00000000c3c00000, 0x00000000c3c00000, 0x00000000c3d00000|  0%| F|  |TAMS 0x00000000c3c00000, 0x00000000c3c00000| Untracked 
|  35|0x00000000c3d00000, 0x00000000c3d00000, 0x00000000c3e00000|  0%| F|  |TAMS 0x00000000c3d00000, 0x00000000c3d00000| Untracked 
|  36|0x00000000c3e00000, 0x00000000c3e00000, 0x00000000c3f00000|  0%| F|  |TAMS 0x00000000c3e00000, 0x00000000c3e00000| Untracked 
|  37|0x00000000c3f00000, 0x00000000c3f00000, 0x00000000c4000000|  0%| F|  |TAMS 0x00000000c3f00000, 0x00000000c3f00000| Untracked 
|  38|0x00000000c4000000, 0x00000000c4000000, 0x00000000c4100000|  0%| F|  |TAMS 0x00000000c4000000, 0x00000000c4000000| Untracked 
|  39|0x00000000c4100000, 0x00000000c4100000, 0x00000000c4200000|  0%| F|  |TAMS 0x00000000c4100000, 0x00000000c4100000| Untracked 
|  40|0x00000000c4200000, 0x00000000c4200000, 0x00000000c4300000|  0%| F|  |TAMS 0x00000000c4200000, 0x00000000c4200000| Untracked 
|  41|0x00000000c4300000, 0x00000000c4300000, 0x00000000c4400000|  0%| F|  |TAMS 0x00000000c4300000, 0x00000000c4300000| Untracked 
|  42|0x00000000c4400000, 0x00000000c4400000, 0x00000000c4500000|  0%| F|  |TAMS 0x00000000c4400000, 0x00000000c4400000| Untracked 
|  43|0x00000000c4500000, 0x00000000c4500000, 0x00000000c4600000|  0%| F|  |TAMS 0x00000000c4500000, 0x00000000c4500000| Untracked 
|  44|0x00000000c4600000, 0x00000000c4600000, 0x00000000c4700000|  0%| F|  |TAMS 0x00000000c4600000, 0x00000000c4600000| Untracked 
|  45|0x00000000c4700000, 0x00000000c4700000, 0x00000000c4800000|  0%| F|  |TAMS 0x00000000c4700000, 0x00000000c4700000| Untracked 
|  46|0x00000000c4800000, 0x00000000c4800000, 0x00000000c4900000|  0%| F|  |TAMS 0x00000000c4800000, 0x00000000c4800000| Untracked 
|  47|0x00000000c4900000, 0x00000000c4900000, 0x00000000c4a00000|  0%| F|  |TAMS 0x00000000c4900000, 0x00000000c4900000| Untracked 
|  48|0x00000000c4a00000, 0x00000000c4a00000, 0x00000000c4b00000|  0%| F|  |TAMS 0x00000000c4a00000, 0x00000000c4a00000| Untracked 
|  49|0x00000000c4b00000, 0x00000000c4b00000, 0x00000000c4c00000|  0%| F|  |TAMS 0x00000000c4b00000, 0x00000000c4b00000| Untracked 
|  50|0x00000000c4c00000, 0x00000000c4c00000, 0x00000000c4d00000|  0%| F|  |TAMS 0x00000000c4c00000, 0x00000000c4c00000| Untracked 
|  51|0x00000000c4d00000, 0x00000000c4d00000, 0x00000000c4e00000|  0%| F|  |TAMS 0x00000000c4d00000, 0x00000000c4d00000| Untracked 
|  52|0x00000000c4e00000, 0x00000000c4e00000, 0x00000000c4f00000|  0%| F|  |TAMS 0x00000000c4e00000, 0x00000000c4e00000| Untracked 
|  53|0x00000000c4f00000, 0x00000000c4f00000, 0x00000000c5000000|  0%| F|  |TAMS 0x00000000c4f00000, 0x00000000c4f00000| Untracked 
|  54|0x00000000c5000000, 0x00000000c5000000, 0x00000000c5100000|  0%| F|  |TAMS 0x00000000c5000000, 0x00000000c5000000| Untracked 
|  55|0x00000000c5100000, 0x00000000c5100000, 0x00000000c5200000|  0%| F|  |TAMS 0x00000000c5100000, 0x00000000c5100000| Untracked 
|  56|0x00000000c5200000, 0x00000000c5200000, 0x00000000c5300000|  0%| F|  |TAMS 0x00000000c5200000, 0x00000000c5200000| Untracked 
|  57|0x00000000c5300000, 0x00000000c53be188, 0x00000000c5400000| 74%| E|  |TAMS 0x00000000c5300000, 0x00000000c5300000| Complete 
|  58|0x00000000c5400000, 0x00000000c5500000, 0x00000000c5500000|100%| E|CS|TAMS 0x00000000c5400000, 0x00000000c5400000| Complete 
|  59|0x00000000c5500000, 0x00000000c5600000, 0x00000000c5600000|100%| E|CS|TAMS 0x00000000c5500000, 0x00000000c5500000| Complete 
|  60|0x00000000c5600000, 0x00000000c5700000, 0x00000000c5700000|100%| E|CS|TAMS 0x00000000c5600000, 0x00000000c5600000| Complete 
|  61|0x00000000c5700000, 0x00000000c5800000, 0x00000000c5800000|100%| E|CS|TAMS 0x00000000c5700000, 0x00000000c5700000| Complete 
|  62|0x00000000c5800000, 0x00000000c5900000, 0x00000000c5900000|100%| E|CS|TAMS 0x00000000c5800000, 0x00000000c5800000| Complete 
|  63|0x00000000c5900000, 0x00000000c5a00000, 0x00000000c5a00000|100%| E|CS|TAMS 0x00000000c5900000, 0x00000000c5900000| Complete 

Card table byte_map: [0x0000022a483d0000,0x0000022a485d0000] _byte_map_base: 0x0000022a47dc3000

Marking Bits (Prev, Next): (CMBitMap*) 0x0000022a30d36220, (CMBitMap*) 0x0000022a30d361e8
 Prev Bits: [0x0000022a49770000, 0x0000022a4a708000)
 Next Bits: [0x0000022a487d0000, 0x0000022a49768000)

Polling page: 0x0000022a2eeb0000

Metaspace:

Usage:
  Non-class:     22.09 MB capacity,    21.72 MB ( 98%) used,   302.16 KB (  1%) free+waste,    79.56 KB ( <1%) overhead. 
      Class:      2.92 MB capacity,     2.65 MB ( 91%) used,   245.00 KB (  8%) free+waste,    38.25 KB (  1%) overhead. 
       Both:     25.02 MB capacity,    24.37 MB ( 97%) used,   547.16 KB (  2%) free+waste,   117.81 KB ( <1%) overhead. 

Virtual space:
  Non-class space:       24.00 MB reserved,      22.17 MB ( 92%) committed 
      Class space:        1.00 GB reserved,       3.00 MB ( <1%) committed 
             Both:        1.02 GB reserved,      25.17 MB (  2%) committed 

Chunk freelists:
   Non-Class:  2.00 KB
       Class:  2.00 KB
        Both:  4.00 KB

CodeHeap 'non-profiled nmethods': size=120064Kb used=902Kb max_used=902Kb free=119162Kb
 bounds [0x0000022a40c90000, 0x0000022a40f00000, 0x0000022a481d0000]
CodeHeap 'profiled nmethods': size=120000Kb used=5645Kb max_used=5645Kb free=114355Kb
 bounds [0x0000022a39760000, 0x0000022a39cf0000, 0x0000022a40c90000]
CodeHeap 'non-nmethods': size=5696Kb used=1152Kb max_used=1172Kb free=4543Kb
 bounds [0x0000022a391d0000, 0x0000022a39440000, 0x0000022a39760000]
 total_blobs=3382 nmethods=2872 adapters=422
 compilation: enabled
              stopped_count=0, restarted_count=0
 full_count=0

Compilation events (10 events):
Event: 266.018 Thread 0x0000022a4de08000 2886       4       java.lang.StringBuilder::append (10 bytes)
Event: 266.019 Thread 0x0000022a4de08000 nmethod 2886 0x0000022a40d71510 code [0x0000022a40d716a0, 0x0000022a40d71728]
Event: 266.220 Thread 0x0000022a4d425000 2887       3       sun.nio.fs.WindowsPathParser::parse (384 bytes)
Event: 266.239 Thread 0x0000022a4d425000 nmethod 2887 0x0000022a39cdc310 code [0x0000022a39cdca60, 0x0000022a39ce0be8]
Event: 266.239 Thread 0x0000022a4d425000 2889       3       sun.nio.fs.WindowsPath::elementAsString (62 bytes)
Event: 266.246 Thread 0x0000022a4d425000 nmethod 2889 0x0000022a39ce2390 code [0x0000022a39ce2580, 0x0000022a39ce2888]
Event: 266.246 Thread 0x0000022a4d425000 2888       3       sun.nio.fs.WindowsPathParser$Result::<init> (20 bytes)
Event: 266.246 Thread 0x0000022a4d425000 nmethod 2888 0x0000022a39ce2b10 code [0x0000022a39ce2cc0, 0x0000022a39ce2f38]
Event: 266.250 Thread 0x0000022a4d425000 2890       3       sun.nio.cs.SingleByte$Decoder::decode (11 bytes)
Event: 266.250 Thread 0x0000022a4d425000 nmethod 2890 0x0000022a39ce3010 code [0x0000022a39ce31c0, 0x0000022a39ce32f8]

GC Heap History (10 events):
Event: 5.542 GC heap before
{Heap before GC invocations=1 (full 0):
 garbage-first heap   total 65536K, used 9059K [0x00000000c1a00000, 0x0000000100000000)
  region size 1024K, 8 young (8192K), 2 survivors (2048K)
 Metaspace       used 15726K, capacity 16105K, committed 16256K, reserved 1062912K
  class space    used 1641K, capacity 1802K, committed 1920K, reserved 1048576K
}
Event: 5.556 GC heap after
{Heap after GC invocations=2 (full 0):
 garbage-first heap   total 65536K, used 3537K [0x00000000c1a00000, 0x0000000100000000)
  region size 1024K, 1 young (1024K), 1 survivors (1024K)
 Metaspace       used 15726K, capacity 16105K, committed 16256K, reserved 1062912K
  class space    used 1641K, capacity 1802K, committed 1920K, reserved 1048576K
}
Event: 8.858 GC heap before
{Heap before GC invocations=2 (full 0):
 garbage-first heap   total 65536K, used 18897K [0x00000000c1a00000, 0x0000000100000000)
  region size 1024K, 17 young (17408K), 1 survivors (1024K)
 Metaspace       used 20745K, capacity 21242K, committed 21296K, reserved 1069056K
  class space    used 2252K, capacity 2432K, committed 2432K, reserved 1048576K
}
Event: 8.873 GC heap after
{Heap after GC invocations=3 (full 0):
 garbage-first heap   total 65536K, used 5599K [0x00000000c1a00000, 0x0000000100000000)
  region size 1024K, 3 young (3072K), 3 survivors (3072K)
 Metaspace       used 20745K, capacity 21242K, committed 21296K, reserved 1069056K
  class space    used 2252K, capacity 2432K, committed 2432K, reserved 1048576K
}
Event: 74.596 GC heap before
{Heap before GC invocations=4 (full 0):
 garbage-first heap   total 65536K, used 29151K [0x00000000c1a00000, 0x0000000100000000)
  region size 1024K, 26 young (26624K), 3 survivors (3072K)
 Metaspace       used 23697K, capacity 24404K, committed 24624K, reserved 1071104K
  class space    used 2619K, capacity 2897K, committed 2944K, reserved 1048576K
}
Event: 74.604 GC heap after
{Heap after GC invocations=5 (full 0):
 garbage-first heap   total 65536K, used 6489K [0x00000000c1a00000, 0x0000000100000000)
  region size 1024K, 1 young (1024K), 1 survivors (1024K)
 Metaspace       used 23697K, capacity 24404K, committed 24624K, reserved 1071104K
  class space    used 2619K, capacity 2897K, committed 2944K, reserved 1048576K
}
Event: 174.116 GC heap before
{Heap before GC invocations=5 (full 0):
 garbage-first heap   total 65536K, used 34137K [0x00000000c1a00000, 0x0000000100000000)
  region size 1024K, 28 young (28672K), 1 survivors (1024K)
 Metaspace       used 23937K, capacity 24614K, committed 24880K, reserved 1071104K
  class space    used 2623K, capacity 2897K, committed 2944K, reserved 1048576K
}
Event: 174.120 GC heap after
{Heap after GC invocations=6 (full 0):
 garbage-first heap   total 65536K, used 6668K [0x00000000c1a00000, 0x0000000100000000)
  region size 1024K, 2 young (2048K), 2 survivors (2048K)
 Metaspace       used 23937K, capacity 24614K, committed 24880K, reserved 1071104K
  class space    used 2623K, capacity 2897K, committed 2944K, reserved 1048576K
}
Event: 253.156 GC heap before
{Heap before GC invocations=6 (full 0):
 garbage-first heap   total 65536K, used 37388K [0x00000000c1a00000, 0x0000000100000000)
  region size 1024K, 32 young (32768K), 2 survivors (2048K)
 Metaspace       used 24117K, capacity 24821K, committed 24880K, reserved 1071104K
  class space    used 2624K, capacity 2898K, committed 2944K, reserved 1048576K
}
Event: 253.160 GC heap after
{Heap after GC invocations=7 (full 0):
 garbage-first heap   total 65536K, used 6775K [0x00000000c1a00000, 0x0000000100000000)
  region size 1024K, 2 young (2048K), 2 survivors (2048K)
 Metaspace       used 24117K, capacity 24821K, committed 24880K, reserved 1071104K
  class space    used 2624K, capacity 2898K, committed 2944K, reserved 1048576K
}

Deoptimization events (10 events):
Event: 129.278 Thread 0x0000022a30d09000 Uncommon trap: reason=unstable_if action=reinterpret pc=0x0000022a40d3a0ec method=java.io.StringReader.read([CII)I @ 65 c2
Event: 129.294 Thread 0x0000022a30d09000 Uncommon trap: reason=bimorphic_or_optimized_type_check action=maybe_recompile pc=0x0000022a40d453ac method=java.util.regex.Pattern$BmpCharPredicate.lambda$union$2(Ljava/util/regex/Pattern$CharPredicate;I)Z @ 2 c2
Event: 129.294 Thread 0x0000022a30d09000 Uncommon trap: reason=bimorphic_or_optimized_type_check action=maybe_recompile pc=0x0000022a40d453ac method=java.util.regex.Pattern$BmpCharPredicate.lambda$union$2(Ljava/util/regex/Pattern$CharPredicate;I)Z @ 2 c2
Event: 129.294 Thread 0x0000022a30d09000 Uncommon trap: reason=bimorphic_or_optimized_type_check action=maybe_recompile pc=0x0000022a40d453ac method=java.util.regex.Pattern$BmpCharPredicate.lambda$union$2(Ljava/util/regex/Pattern$CharPredicate;I)Z @ 2 c2
Event: 129.294 Thread 0x0000022a30d09000 Uncommon trap: reason=bimorphic_or_optimized_type_check action=maybe_recompile pc=0x0000022a40d453ac method=java.util.regex.Pattern$BmpCharPredicate.lambda$union$2(Ljava/util/regex/Pattern$CharPredicate;I)Z @ 2 c2
Event: 161.078 Thread 0x0000022a30d09000 Uncommon trap: reason=class_check action=maybe_recompile pc=0x0000022a40d47ed8 method=java.lang.AbstractStringBuilder.append(Ljava/lang/CharSequence;)Ljava/lang/AbstractStringBuilder; @ 26 c2
Event: 257.716 Thread 0x0000022a30d09000 Uncommon trap: reason=class_check action=maybe_recompile pc=0x0000022a40d47ed8 method=java.lang.AbstractStringBuilder.append(Ljava/lang/CharSequence;)Ljava/lang/AbstractStringBuilder; @ 26 c2
Event: 261.053 Thread 0x0000022a30d09000 Uncommon trap: reason=unstable_if action=reinterpret pc=0x0000022a40d56858 method=java.lang.Character.charCount(I)I @ 3 c2
Event: 263.419 Thread 0x0000022a30d09000 Uncommon trap: reason=unstable_if action=reinterpret pc=0x0000022a40caadac method=java.lang.String.hashCode()I @ 22 c2
Event: 263.421 Thread 0x0000022a30d09000 Uncommon trap: reason=unstable_if action=reinterpret pc=0x0000022a40d46ecc method=java.util.regex.Matcher.appendExpandedReplacement(Ljava/lang/String;Ljava/lang/StringBuilder;)Ljava/lang/StringBuilder; @ 21 c2

Classes redefined (0 events):
No events

Internal exceptions (10 events):
Event: 256.790 Thread 0x0000022a30d09000 Exception <a 'java/net/SocketTimeoutException'{0x00000000c58707b8}: Read timed out> (0x00000000c58707b8) thrown at [./open/src/hotspot/share/prims/jni.cpp, line 632]
Event: 257.548 Thread 0x0000022a30d09000 Exception <a 'java/net/SocketTimeoutException'{0x00000000c5883858}: Read timed out> (0x00000000c5883858) thrown at [./open/src/hotspot/share/prims/jni.cpp, line 632]
Event: 257.730 Thread 0x0000022a30d09000 Exception <a 'java/net/SocketTimeoutException'{0x00000000c589d348}: Read timed out> (0x00000000c589d348) thrown at [./open/src/hotspot/share/prims/jni.cpp, line 632]
Event: 258.390 Thread 0x0000022a30d09000 Exception <a 'java/net/SocketTimeoutException'{0x00000000c58adf80}: Read timed out> (0x00000000c58adf80) thrown at [./open/src/hotspot/share/prims/jni.cpp, line 632]
Event: 258.471 Thread 0x0000022a30d09000 Exception <a 'java/net/SocketTimeoutException'{0x00000000c58c7440}: Read timed out> (0x00000000c58c7440) thrown at [./open/src/hotspot/share/prims/jni.cpp, line 632]
Event: 259.004 Thread 0x0000022a30d09000 Exception <a 'java/net/SocketTimeoutException'{0x00000000c58d8298}: Read timed out> (0x00000000c58d8298) thrown at [./open/src/hotspot/share/prims/jni.cpp, line 632]
Event: 259.087 Thread 0x0000022a30d09000 Exception <a 'java/net/SocketTimeoutException'{0x00000000c58f2618}: Read timed out> (0x00000000c58f2618) thrown at [./open/src/hotspot/share/prims/jni.cpp, line 632]
Event: 259.592 Thread 0x0000022a30d09000 Exception <a 'java/net/SocketTimeoutException'{0x00000000c57039b8}: Read timed out> (0x00000000c57039b8) thrown at [./open/src/hotspot/share/prims/jni.cpp, line 632]
Event: 259.851 Thread 0x0000022a30d09000 Exception <a 'java/net/SocketTimeoutException'{0x00000000c5719670}: Read timed out> (0x00000000c5719670) thrown at [./open/src/hotspot/share/prims/jni.cpp, line 632]
Event: 264.879 Thread 0x0000022a30d09000 Exception <a 'java/lang/NoSuchMethodError'{0x00000000c5543a98}: java.lang.invoke.DirectMethodHandle$Holder.invokeInterface(Ljava/lang/Object;Ljava/lang/Object;)I> (0x00000000c5543a98) thrown at [./open/src/hotspot/share/interpreter/linkResolver.cpp, line 

Events (10 events):
Event: 266.255 loading class org/testng/ITestResult done
Event: 266.255 loading class org/testng/ITestResult
Event: 266.255 loading class org/testng/ITestResult done
Event: 266.256 loading class org/testng/reporters/JUnitReportReporter$TestTag
Event: 266.256 loading class org/testng/reporters/JUnitReportReporter$TestTag done
Event: 266.264 loading class java/text/DigitList$1
Event: 266.297 loading class java/text/DigitList$1 done
Event: 266.414 Executing VM operation: RevokeBias
Event: 266.414 Executing VM operation: RevokeBias done
Event: 266.414 loading class java/util/IdentityHashMap$KeyIterator


Dynamic libraries:
0x00007ff6a4da0000 - 0x00007ff6a4daf000 	C:\Program Files\Java\jdk-11.0.12\bin\javaw.exe
0x00007ff9d80b0000 - 0x00007ff9d82a5000 	C:\WINDOWS\SYSTEM32\ntdll.dll
0x00007ff9d7a10000 - 0x00007ff9d7acd000 	C:\WINDOWS\System32\KERNEL32.DLL
0x00007ff9d5af0000 - 0x00007ff9d5db9000 	C:\WINDOWS\System32\KERNELBASE.dll
0x00007ff9d5ff0000 - 0x00007ff9d60f0000 	C:\WINDOWS\System32\ucrtbase.dll
0x00007ff9be2f0000 - 0x00007ff9be305000 	C:\Program Files\Java\jdk-11.0.12\bin\VCRUNTIME140.dll
0x00007ff9be310000 - 0x00007ff9be328000 	C:\Program Files\Java\jdk-11.0.12\bin\jli.dll
0x00007ff9d6d40000 - 0x00007ff9d6dec000 	C:\WINDOWS\System32\ADVAPI32.dll
0x00007ff9d7f40000 - 0x00007ff9d7fde000 	C:\WINDOWS\System32\msvcrt.dll
0x00007ff9d67a0000 - 0x00007ff9d683b000 	C:\WINDOWS\System32\sechost.dll
0x00007ff9d78e0000 - 0x00007ff9d7a0a000 	C:\WINDOWS\System32\RPCRT4.dll
0x00007ff9d7b90000 - 0x00007ff9d7d30000 	C:\WINDOWS\System32\USER32.dll
0x00007ff9d57c0000 - 0x00007ff9d57e2000 	C:\WINDOWS\System32\win32u.dll
0x00007ff9d7ad0000 - 0x00007ff9d7afa000 	C:\WINDOWS\System32\GDI32.dll
0x00007ff9d5ee0000 - 0x00007ff9d5feb000 	C:\WINDOWS\System32\gdi32full.dll
0x00007ff9c7790000 - 0x00007ff9c7a2a000 	C:\WINDOWS\WinSxS\amd64_microsoft.windows.common-controls_6595b64144ccf1df_6.0.19041.1110_none_60b5254171f9507e\COMCTL32.dll
0x00007ff9d5dc0000 - 0x00007ff9d5e5d000 	C:\WINDOWS\System32\msvcp_win.dll
0x00007ff9c6b30000 - 0x00007ff9c6b3a000 	C:\WINDOWS\SYSTEM32\VERSION.dll
0x00007ff9d7170000 - 0x00007ff9d71a0000 	C:\WINDOWS\System32\IMM32.DLL
0x00007ff9be250000 - 0x00007ff9be2eb000 	C:\Program Files\Java\jdk-11.0.12\bin\msvcp140.dll
0x00007ff9bd750000 - 0x00007ff9be24f000 	C:\Program Files\Java\jdk-11.0.12\bin\server\jvm.dll
0x00007ff9d7b00000 - 0x00007ff9d7b08000 	C:\WINDOWS\System32\PSAPI.DLL
0x00007ff9bd740000 - 0x00007ff9bd749000 	C:\WINDOWS\SYSTEM32\WSOCK32.dll
0x00007ff9d7b20000 - 0x00007ff9d7b8b000 	C:\WINDOWS\System32\WS2_32.dll
0x00007ff9cadf0000 - 0x00007ff9cae17000 	C:\WINDOWS\SYSTEM32\WINMM.dll
0x00007ff9d36f0000 - 0x00007ff9d3702000 	C:\WINDOWS\SYSTEM32\kernel.appcore.dll
0x00007ff9bd700000 - 0x00007ff9bd710000 	C:\Program Files\Java\jdk-11.0.12\bin\verify.dll
0x00007ff9c18d0000 - 0x00007ff9c1ab4000 	C:\WINDOWS\SYSTEM32\DBGHELP.DLL
0x00007ff9c18a0000 - 0x00007ff9c18cc000 	C:\WINDOWS\SYSTEM32\dbgcore.DLL
0x00007ff9d59b0000 - 0x00007ff9d5a33000 	C:\WINDOWS\System32\bcryptPrimitives.dll
0x00007ff9bd6d0000 - 0x00007ff9bd6f8000 	C:\Program Files\Java\jdk-11.0.12\bin\java.dll
0x00007ff9bd6c0000 - 0x00007ff9bd6ca000 	C:\Program Files\Java\jdk-11.0.12\bin\jimage.dll
0x00007ff9bd2d0000 - 0x00007ff9bd2e6000 	C:\Program Files\Java\jdk-11.0.12\bin\zip.dll
0x00007ff9d71a0000 - 0x00007ff9d78df000 	C:\WINDOWS\System32\SHELL32.dll
0x00007ff9d38f0000 - 0x00007ff9d4081000 	C:\WINDOWS\SYSTEM32\windows.storage.dll
0x00007ff9d60f0000 - 0x00007ff9d6445000 	C:\WINDOWS\System32\combase.dll
0x00007ff9d5230000 - 0x00007ff9d525c000 	C:\WINDOWS\SYSTEM32\Wldp.dll
0x00007ff9d70c0000 - 0x00007ff9d716e000 	C:\WINDOWS\System32\SHCORE.dll
0x00007ff9d7d30000 - 0x00007ff9d7d85000 	C:\WINDOWS\System32\shlwapi.dll
0x00007ff9d5700000 - 0x00007ff9d571f000 	C:\WINDOWS\SYSTEM32\profapi.dll
0x00007ff9bd2b0000 - 0x00007ff9bd2c9000 	C:\Program Files\Java\jdk-11.0.12\bin\net.dll
0x00007ff9ca2b0000 - 0x00007ff9ca3ba000 	C:\WINDOWS\SYSTEM32\WINHTTP.dll
0x00007ff9d4f90000 - 0x00007ff9d4ffa000 	C:\WINDOWS\system32\mswsock.dll
0x00007ff9bd6a0000 - 0x00007ff9bd6b2000 	C:\Program Files\Java\jdk-11.0.12\bin\nio.dll
0x00007ff9d4c80000 - 0x00007ff9d4d4c000 	C:\WINDOWS\SYSTEM32\DNSAPI.dll
0x00007ff9d4c30000 - 0x00007ff9d4c6b000 	C:\WINDOWS\SYSTEM32\IPHLPAPI.DLL
0x00007ff9d7b10000 - 0x00007ff9d7b18000 	C:\WINDOWS\System32\NSI.dll
0x00007ff9c9930000 - 0x00007ff9c993a000 	C:\Windows\System32\rasadhlp.dll
0x00007ff9ca1d0000 - 0x00007ff9ca24f000 	C:\WINDOWS\System32\fwpuclnt.dll
0x00007ff9d5e60000 - 0x00007ff9d5e87000 	C:\WINDOWS\System32\bcrypt.dll
0x00007ff9d5170000 - 0x00007ff9d5188000 	C:\WINDOWS\SYSTEM32\CRYPTSP.dll
0x00007ff9d48c0000 - 0x00007ff9d48f4000 	C:\WINDOWS\system32\rsaenh.dll
0x00007ff9d5680000 - 0x00007ff9d56ae000 	C:\WINDOWS\SYSTEM32\USERENV.dll
0x00007ff9d5190000 - 0x00007ff9d519c000 	C:\WINDOWS\SYSTEM32\CRYPTBASE.dll
0x00007ff9cb780000 - 0x00007ff9cb797000 	C:\WINDOWS\SYSTEM32\dhcpcsvc6.DLL
0x00007ff9cb870000 - 0x00007ff9cb88d000 	C:\WINDOWS\SYSTEM32\dhcpcsvc.DLL
0x00007ff9bd530000 - 0x00007ff9bd53d000 	C:\Program Files\Java\jdk-11.0.12\bin\sunmscapi.dll
0x00007ff9d57f0000 - 0x00007ff9d594f000 	C:\WINDOWS\System32\CRYPT32.dll
0x00007ff9d52a0000 - 0x00007ff9d52c7000 	C:\WINDOWS\SYSTEM32\ncrypt.dll
0x00007ff9d5260000 - 0x00007ff9d529b000 	C:\WINDOWS\SYSTEM32\NTASN1.dll
0x00007ff9bbbe0000 - 0x00007ff9bbc05000 	C:\Program Files\Java\jdk-11.0.12\bin\sunec.dll
0x00007ff9bfd80000 - 0x00007ff9bfd97000 	C:\WINDOWS\system32\napinsp.dll
0x00007ff9b9bf0000 - 0x00007ff9b9c0b000 	C:\WINDOWS\system32\pnrpnsp.dll
0x00007ff9cb0e0000 - 0x00007ff9cb0f5000 	C:\WINDOWS\system32\wshbth.dll
0x00007ff9d1210000 - 0x00007ff9d122d000 	C:\WINDOWS\system32\NLAapi.dll
0x00007ff9b9bd0000 - 0x00007ff9b9be2000 	C:\WINDOWS\System32\winrnr.dll

dbghelp: loaded successfully - version: 4.0.5 - missing functions: none
symbol engine: initialized successfully - sym options: 0x614 - pdb path: .;C:\Program Files\Java\jdk-11.0.12\bin;C:\WINDOWS\SYSTEM32;C:\WINDOWS\WinSxS\amd64_microsoft.windows.common-controls_6595b64144ccf1df_6.0.19041.1110_none_60b5254171f9507e;C:\Program Files\Java\jdk-11.0.12\bin\server

VM Arguments:
jvm_args: -ea -Dfile.encoding=Cp1252 
java_command: org.testng.remote.RemoteTestNG -serport 60348 -protocol json -d C:\Users\Madhuri\git\Practice\com.learning.selenium\test-output C:\Users\Madhuri\AppData\Local\Temp\testng-eclipse--690202064\testng-customsuite.xml
java_class_path (initial): C:\Users\Madhuri\eclipse\java-2021-06\eclipse\configuration\org.eclipse.osgi\440\0\.cp\lib\testng-remote.jar;C:\Users\Madhuri\git\Practice\com.learning.selenium\target\test-classes;C:\Users\Madhuri\git\Practice\com.learning.selenium\target\classes;C:\Users\Madhuri\.m2\repository\org\testng\testng\7.4.0\testng-7.4.0.jar;C:\Users\Madhuri\.m2\repository\com\beust\jcommander\1.78\jcommander-1.78.jar;C:\Users\Madhuri\.m2\repository\org\webjars\jquery\3.5.1\jquery-3.5.1.jar;C:\Users\Madhuri\.m2\repository\org\seleniumhq\selenium\selenium-java\3.141.59\selenium-java-3.141.59.jar;C:\Users\Madhuri\.m2\repository\org\seleniumhq\selenium\selenium-api\3.141.59\selenium-api-3.141.59.jar;C:\Users\Madhuri\.m2\repository\org\seleniumhq\selenium\selenium-chrome-driver\3.141.59\selenium-chrome-driver-3.141.59.jar;C:\Users\Madhuri\.m2\repository\org\seleniumhq\selenium\selenium-edge-driver\3.141.59\selenium-edge-driver-3.141.59.jar;C:\Users\Madhuri\.m2\repository\org\seleniumhq\selenium\selenium-firefox-driver\3.141.59\selenium-firefox-driver-3.141.59.jar;C:\Users\Madhuri\.m2\repository\org\seleniumhq\selenium\selenium-ie-driver\3.141.59\selenium-ie-driver-3.141.59.jar;C:\Users\Madhuri\.m2\repository\org\seleniumhq\selenium\selenium-opera-driver\3.141.59\selenium-opera-driver-3.141.59.jar;C:\Users\Madhuri\.m2\repository\org\seleniumhq\selenium\selenium-remote-driver\3.141.59\selenium-remote-driver-3.141.59.jar;C:\Users\Madhuri\.m2\repository\org\seleniumhq\selenium\selenium-safari-driver\3.141.59\selenium-safari-driver-3.141.59.jar;C:\Users\Madhuri\.m2\repository\org\seleniumhq\selenium\selenium-support\3.141.59\selenium-support-3.141.59.jar;C:\Users\Madhuri\.m2\repository\net\bytebuddy\byte-buddy\1.8.15\byte-buddy-1.8.15.jar;C:\Users\Madhuri\.m2\repository\org\apache\commons\commons-exec\1.3\commons-exec-1.3.jar;C:\Users\Madhuri\.m2\repository\com\google\guava\guava\25.0-jre\guava-25.0-jre.jar;C:\Users\Madhuri\.m2\repository\com\google\code\findbugs\jsr30
Launcher Type: SUN_STANDARD

[Global flags]
     intx CICompilerCount                          = 3                                         {product} {ergonomic}
     uint ConcGCThreads                            = 1                                         {product} {ergonomic}
     uint G1ConcRefinementThreads                  = 4                                         {product} {ergonomic}
   size_t G1HeapRegionSize                         = 1048576                                   {product} {ergonomic}
    uintx GCDrainStackTargetSize                   = 64                                        {product} {ergonomic}
   size_t InitialHeapSize                          = 67108864                                  {product} {ergonomic}
   size_t MarkStackSize                            = 4194304                                   {product} {ergonomic}
   size_t MaxHeapSize                              = 1046478848                                {product} {ergonomic}
   size_t MaxNewSize                               = 627048448                                 {product} {ergonomic}
   size_t MinHeapDeltaBytes                        = 1048576                                   {product} {ergonomic}
    uintx NonNMethodCodeHeapSize                   = 5830732                                {pd product} {ergonomic}
    uintx NonProfiledCodeHeapSize                  = 122913754                              {pd product} {ergonomic}
    uintx ProfiledCodeHeapSize                     = 122913754                              {pd product} {ergonomic}
    uintx ReservedCodeCacheSize                    = 251658240                              {pd product} {ergonomic}
     bool SegmentedCodeCache                       = true                                      {product} {ergonomic}
     bool UseCompressedClassPointers               = true                                 {lp64_product} {ergonomic}
     bool UseCompressedOops                        = true                                 {lp64_product} {ergonomic}
     bool UseG1GC                                  = true                                      {product} {ergonomic}
     bool UseLargePagesIndividualAllocation        = false                                  {pd product} {ergonomic}

Logging:
Log output configuration:
 #0: stdout all=warning uptime,level,tags
 #1: stderr all=off uptime,level,tags

Environment Variables:
PATH=C:/Program Files/Java/jdk-11.0.12/bin/server;C:/Program Files/Java/jdk-11.0.12/bin;C:\Program Files\Common Files\Oracle\Java\javapath;C:\Program Files (x86)\Common Files\Oracle\Java\javapath;C:\WINDOWS\system32;C:\WINDOWS;C:\WINDOWS\System32\Wbem;C:\WINDOWS\System32\WindowsPowerShell\v1.0\;C:\SeleniumSoftwares\apache-maven-3.5.4\bin;;C:\WINDOWS\System32\OpenSSH\;C:\Android;C:\Windows\System32;C:\Program Files\Java\jdk-11.0.12\bin;C:\Program Files (x86)\Sophos\Sophos SSL VPN Client\bin;C:\Users\Madhuri\eclipse\java-2021-06\eclipse;
USERNAME=Madhuri
OS=Windows_NT
PROCESSOR_IDENTIFIER=Intel64 Family 6 Model 55 Stepping 3, GenuineIntel



---------------  S Y S T E M  ---------------

OS: Windows 10 , 64 bit Build 19041 (10.0.19041.1023)

CPU:total 4 (initial active 4) (4 cores per cpu, 1 threads per core) family 6 model 55 stepping 3 microcode 0x31a, cmov, cx8, fxsr, mmx, sse, sse2, sse3, ssse3, sse4.1, sse4.2, popcnt, clmul, erms, 3dnowpref, tsc, tscinvbit

Memory: 4k page, system-wide physical 3984M (785M free)
TotalPageFile size 7497M (AvailPageFile size 2418M)
current process WorkingSet (physical memory assigned to process): 122M, peak: 123M
current process commit charge ("private bytes"): 180M, peak: 181M

vm_info: Java HotSpot(TM) 64-Bit Server VM (11.0.12+8-LTS-237) for windows-amd64 JRE (11.0.12+8-LTS-237), built on Jun  8 2021 11:25:59 by "mach5one" with MS VC++ 15.9 (VS2017)

END.
